c:\users\530\desktop\sp3\pphy\physics\release\vc140.pdb
c:\users\530\desktop\sp3\pphy\physics\release\scenebase.obj
c:\users\530\desktop\sp3\pphy\physics\release\sceneasteroid.obj
c:\users\530\desktop\sp3\pphy\physics\release\scene2p.obj
c:\users\530\desktop\sp3\pphy\physics\release\projectile.obj
c:\users\530\desktop\sp3\pphy\physics\release\player.obj
c:\users\530\desktop\sp3\pphy\physics\release\p2win.obj
c:\users\530\desktop\sp3\pphy\physics\release\p1win.obj
c:\users\530\desktop\sp3\pphy\physics\release\meshbuilder.obj
c:\users\530\desktop\sp3\pphy\physics\release\mesh.obj
c:\users\530\desktop\sp3\pphy\physics\release\mapeditor.obj
c:\users\530\desktop\sp3\pphy\physics\release\main.obj
c:\users\530\desktop\sp3\pphy\physics\release\loadtga.obj
c:\users\530\desktop\sp3\pphy\physics\release\loadobj.obj
c:\users\530\desktop\sp3\pphy\physics\release\graphicsmanager.obj
c:\users\530\desktop\sp3\pphy\physics\release\gameobject.obj
c:\users\530\desktop\sp3\pphy\physics\release\enemy.obj
c:\users\530\desktop\sp3\pphy\physics\release\csv.obj
c:\users\530\desktop\sp3\pphy\physics\release\camera.obj
c:\users\530\desktop\sp3\pphy\physics\release\application.obj
c:\users\530\desktop\sp3\pphy\physics\release\animation.obj
c:\users\530\desktop\sp3\pphy\physics\release\utility.obj
c:\users\530\desktop\sp3\pphy\physics\release\strategy_kill.obj
c:\users\530\desktop\sp3\pphy\physics\release\strategy_coward.obj
c:\users\530\desktop\sp3\pphy\physics\release\strategy.obj
c:\users\530\desktop\sp3\pphy\physics\release\shaderprogram.obj
c:\users\530\desktop\sp3\pphy\physics\release\shader.obj
c:\users\530\desktop\sp3\pphy\physics\release\scenewin.obj
c:\users\530\desktop\sp3\pphy\physics\release\scenemenu.obj
c:\users\530\desktop\sp3\pphy\physics\release\scenelose.obj
c:\users\530\desktop\sp3\pphy\physics\release\scenekinematics.obj
c:\users\530\desktop\sp3\pphy\physics\release\scenehelp.obj
c:\users\530\desktop\sp3\pphy\physics\release\scenegameover.obj
c:\users\530\desktop\sp3\pphy\physics\release\scenecollision.obj
c:\users\530\desktop\sp3\pphy\release\physics.exe
c:\users\530\desktop\sp3\pphy\release\physics.ipdb
c:\users\530\desktop\sp3\pphy\release\physics.iobj
c:\users\530\desktop\sp3\pphy\release\physics.pdb
c:\users\530\desktop\sp3\pphy\physics\release\physics.tlog\cl.command.1.tlog
c:\users\530\desktop\sp3\pphy\physics\release\physics.tlog\cl.read.1.tlog
c:\users\530\desktop\sp3\pphy\physics\release\physics.tlog\cl.write.1.tlog
c:\users\530\desktop\sp3\pphy\physics\release\physics.tlog\link.command.1.tlog
c:\users\530\desktop\sp3\pphy\physics\release\physics.tlog\link.read.1.tlog
c:\users\530\desktop\sp3\pphy\physics\release\physics.tlog\link.write.1.tlog
