  Application.cpp
f:\desktop\phy ass\pphy\physics\source\SceneAsteroid.h(14): warning C4244: 'initializing': conversion from 'double' to 'const int', possible loss of data
  Camera.cpp
  csv.cpp
Source\csv.cpp(32): warning C4018: '<': signed/unsigned mismatch
  GameObject.cpp
  LoadOBJ.cpp
  LoadTGA.cpp
  main.cpp
  Mesh.cpp
  MeshBuilder.cpp
  P1win.cpp
Source\P1win.cpp(108): warning C4305: 'argument': truncation from 'double' to 'float'
Source\P1win.cpp(110): warning C4305: 'argument': truncation from 'double' to 'float'
Source\P1win.cpp(115): warning C4305: 'argument': truncation from 'double' to 'float'
Source\P1win.cpp(117): warning C4305: 'argument': truncation from 'double' to 'float'
  P2win.cpp
Source\P2win.cpp(108): warning C4305: 'argument': truncation from 'double' to 'float'
Source\P2win.cpp(110): warning C4305: 'argument': truncation from 'double' to 'float'
Source\P2win.cpp(115): warning C4305: 'argument': truncation from 'double' to 'float'
Source\P2win.cpp(117): warning C4305: 'argument': truncation from 'double' to 'float'
  Scene2P.cpp
Source\Scene2P.cpp(270): warning C4305: 'argument': truncation from 'double' to 'float'
Source\Scene2P.cpp(288): warning C4018: '<': signed/unsigned mismatch
Source\Scene2P.cpp(366): warning C4244: '+=': conversion from 'double' to 'float', possible loss of data
Source\Scene2P.cpp(371): warning C4244: '-=': conversion from 'double' to 'float', possible loss of data
Source\Scene2P.cpp(376): warning C4244: '+=': conversion from 'double' to 'float', possible loss of data
Source\Scene2P.cpp(381): warning C4244: '-=': conversion from 'double' to 'float', possible loss of data
Source\Scene2P.cpp(635): warning C4305: 'argument': truncation from 'double' to 'float'
Source\Scene2P.cpp(636): warning C4305: 'argument': truncation from 'double' to 'float'
  SceneAsteroid.cpp
f:\desktop\phy ass\pphy\physics\source\SceneAsteroid.h(14): warning C4244: 'initializing': conversion from 'double' to 'const int', possible loss of data
Source\SceneAsteroid.cpp(176): warning C4244: '+=': conversion from 'double' to 'float', possible loss of data
Source\SceneAsteroid.cpp(243): warning C4244: 'argument': conversion from 'const int' to 'float', possible loss of data
Source\SceneAsteroid.cpp(247): warning C4244: 'argument': conversion from 'const int' to 'float', possible loss of data
Source\SceneAsteroid.cpp(253): warning C4244: '=': conversion from 'double' to 'float', possible loss of data
Source\SceneAsteroid.cpp(312): warning C4018: '<': signed/unsigned mismatch
Source\SceneAsteroid.cpp(317): warning C4018: '<': signed/unsigned mismatch
Source\SceneAsteroid.cpp(345): warning C4018: '<': signed/unsigned mismatch
Source\SceneAsteroid.cpp(350): warning C4018: '<': signed/unsigned mismatch
Source\SceneAsteroid.cpp(378): warning C4018: '<': signed/unsigned mismatch
Source\SceneAsteroid.cpp(383): warning C4018: '<': signed/unsigned mismatch
Source\SceneAsteroid.cpp(425): warning C4244: 'argument': conversion from 'double' to 'float', possible loss of data
Source\SceneAsteroid.cpp(426): warning C4244: 'argument': conversion from 'double' to 'float', possible loss of data
Source\SceneAsteroid.cpp(428): warning C4244: '+=': conversion from 'double' to 'float', possible loss of data
Source\SceneAsteroid.cpp(431): warning C4244: 'initializing': conversion from 'double' to 'float', possible loss of data
Source\SceneAsteroid.cpp(439): warning C4244: 'argument': conversion from 'const int' to 'float', possible loss of data
Source\SceneAsteroid.cpp(472): warning C4244: 'argument': conversion from 'double' to 'float', possible loss of data
Source\SceneAsteroid.cpp(603): warning C4244: '+=': conversion from 'double' to 'float', possible loss of data
Source\SceneAsteroid.cpp(605): warning C4244: '+=': conversion from 'double' to 'float', possible loss of data
Source\SceneAsteroid.cpp(607): warning C4244: '-=': conversion from 'double' to 'float', possible loss of data
Source\SceneAsteroid.cpp(609): warning C4244: '-=': conversion from 'double' to 'float', possible loss of data
Source\SceneAsteroid.cpp(664): warning C4244: 'argument': conversion from 'double' to 'float', possible loss of data
Source\SceneAsteroid.cpp(710): warning C4244: '+=': conversion from 'double' to 'float', possible loss of data
Source\SceneAsteroid.cpp(712): warning C4244: '+=': conversion from 'double' to 'float', possible loss of data
Source\SceneAsteroid.cpp(714): warning C4244: '-=': conversion from 'double' to 'float', possible loss of data
Source\SceneAsteroid.cpp(716): warning C4244: '-=': conversion from 'double' to 'float', possible loss of data
Source\SceneAsteroid.cpp(745): warning C4244: '+=': conversion from 'double' to 'float', possible loss of data
Source\SceneAsteroid.cpp(747): warning C4244: '+=': conversion from 'double' to 'float', possible loss of data
Source\SceneAsteroid.cpp(749): warning C4244: '-=': conversion from 'double' to 'float', possible loss of data
Source\SceneAsteroid.cpp(751): warning C4244: '-=': conversion from 'double' to 'float', possible loss of data
Source\SceneAsteroid.cpp(756): warning C4244: '-=': conversion from 'double' to 'float', possible loss of data
Source\SceneAsteroid.cpp(795): warning C4018: '<': signed/unsigned mismatch
Source\SceneAsteroid.cpp(807): warning C4018: '<': signed/unsigned mismatch
Source\SceneAsteroid.cpp(877): warning C4305: 'argument': truncation from 'double' to 'float'
Source\SceneAsteroid.cpp(879): warning C4305: 'argument': truncation from 'double' to 'float'
Source\SceneAsteroid.cpp(884): warning C4305: 'argument': truncation from 'double' to 'float'
Source\SceneAsteroid.cpp(886): warning C4305: 'argument': truncation from 'double' to 'float'
Source\SceneAsteroid.cpp(891): warning C4305: 'argument': truncation from 'double' to 'float'
Source\SceneAsteroid.cpp(893): warning C4305: 'argument': truncation from 'double' to 'float'
Source\SceneAsteroid.cpp(939): warning C4244: 'argument': conversion from 'int' to 'float', possible loss of data
Source\SceneAsteroid.cpp(1020): warning C4305: 'argument': truncation from 'double' to 'float'
Source\SceneAsteroid.cpp(1022): warning C4305: 'argument': truncation from 'double' to 'float'
Source\SceneAsteroid.cpp(1027): warning C4305: 'argument': truncation from 'double' to 'float'
Source\SceneAsteroid.cpp(1029): warning C4305: 'argument': truncation from 'double' to 'float'
Source\SceneAsteroid.cpp(1146): warning C4244: 'argument': conversion from 'double' to 'float', possible loss of data
Source\SceneAsteroid.cpp(1151): warning C4244: 'argument': conversion from 'double' to 'float', possible loss of data
  SceneBase.cpp
  SceneCollision.cpp
Source\SceneCollision.cpp(269): warning C4305: 'argument': truncation from 'double' to 'float'
Source\SceneCollision.cpp(287): warning C4018: '<': signed/unsigned mismatch
Source\SceneCollision.cpp(365): warning C4244: '+=': conversion from 'double' to 'float', possible loss of data
Source\SceneCollision.cpp(370): warning C4244: '-=': conversion from 'double' to 'float', possible loss of data
Source\SceneCollision.cpp(553): warning C4018: '<': signed/unsigned mismatch
Source\SceneCollision.cpp(633): warning C4305: 'argument': truncation from 'double' to 'float'
Source\SceneCollision.cpp(634): warning C4305: 'argument': truncation from 'double' to 'float'
  SceneGameOver.cpp
Source\SceneGameOver.cpp(110): warning C4305: 'argument': truncation from 'double' to 'float'
Source\SceneGameOver.cpp(112): warning C4305: 'argument': truncation from 'double' to 'float'
Source\SceneGameOver.cpp(117): warning C4305: 'argument': truncation from 'double' to 'float'
Source\SceneGameOver.cpp(119): warning C4305: 'argument': truncation from 'double' to 'float'
Source\SceneGameOver.cpp(124): warning C4305: 'argument': truncation from 'double' to 'float'
Source\SceneGameOver.cpp(126): warning C4305: 'argument': truncation from 'double' to 'float'
  SceneHelp.cpp
Source\SceneHelp.cpp(90): warning C4305: 'argument': truncation from 'double' to 'float'
  SceneKinematics.cpp
Source\SceneKinematics.cpp(176): warning C4018: '<': signed/unsigned mismatch
Source\SceneKinematics.cpp(191): warning C4018: '<': signed/unsigned mismatch
Source\SceneKinematics.cpp(210): warning C4244: 'argument': conversion from 'double' to 'float', possible loss of data
Source\SceneKinematics.cpp(228): warning C4244: 'argument': conversion from 'double' to 'float', possible loss of data
Source\SceneKinematics.cpp(239): warning C4018: '<': signed/unsigned mismatch
Source\SceneKinematics.cpp(245): warning C4244: 'argument': conversion from 'double' to 'float', possible loss of data
Source\SceneKinematics.cpp(256): warning C4244: '=': conversion from 'double' to 'float', possible loss of data
Source\SceneKinematics.cpp(259): warning C4244: '=': conversion from 'double' to 'float', possible loss of data
Source\SceneKinematics.cpp(282): warning C4018: '<': signed/unsigned mismatch
Source\SceneKinematics.cpp(290): warning C4244: 'argument': conversion from 'double' to 'float', possible loss of data
Source\SceneKinematics.cpp(309): warning C4244: '+=': conversion from 'double' to 'float', possible loss of data
Source\SceneKinematics.cpp(310): warning C4244: '+=': conversion from 'double' to 'float', possible loss of data
Source\SceneKinematics.cpp(312): warning C4244: '+=': conversion from 'double' to 'float', possible loss of data
Source\SceneKinematics.cpp(324): warning C4244: 'argument': conversion from 'double' to 'float', possible loss of data
Source\SceneKinematics.cpp(325): warning C4244: 'argument': conversion from 'double' to 'float', possible loss of data
  SceneLose.cpp
Source\SceneLose.cpp(108): warning C4305: 'argument': truncation from 'double' to 'float'
Source\SceneLose.cpp(110): warning C4305: 'argument': truncation from 'double' to 'float'
Source\SceneLose.cpp(115): warning C4305: 'argument': truncation from 'double' to 'float'
Source\SceneLose.cpp(117): warning C4305: 'argument': truncation from 'double' to 'float'
  SceneMenu.cpp
Source\SceneMenu.cpp(111): warning C4305: 'argument': truncation from 'double' to 'float'
Source\SceneMenu.cpp(113): warning C4305: 'argument': truncation from 'double' to 'float'
Source\SceneMenu.cpp(118): warning C4305: 'argument': truncation from 'double' to 'float'
Source\SceneMenu.cpp(120): warning C4305: 'argument': truncation from 'double' to 'float'
Source\SceneMenu.cpp(125): warning C4305: 'argument': truncation from 'double' to 'float'
Source\SceneMenu.cpp(127): warning C4305: 'argument': truncation from 'double' to 'float'
  Compiling...
  SceneWin.cpp
Source\SceneWin.cpp(108): warning C4305: 'argument': truncation from 'double' to 'float'
Source\SceneWin.cpp(110): warning C4305: 'argument': truncation from 'double' to 'float'
Source\SceneWin.cpp(115): warning C4305: 'argument': truncation from 'double' to 'float'
Source\SceneWin.cpp(117): warning C4305: 'argument': truncation from 'double' to 'float'
  shader.cpp
  Utility.cpp
  Generating code
  All 897 functions were compiled because no usable IPDB/IOBJ from previous compilation was found.
  Finished generating code
  Physics.vcxproj -> F:\Desktop\PHY ASS\PPHY\Release\Physics.exe
