c:\users\164353m\desktop\ppy[dm2212] - week13 (ball wall collision)\physics\debug\vc140.pdb
c:\users\164353m\desktop\ppy[dm2212] - week13 (ball wall collision)\physics\debug\vc140.idb
c:\users\164353m\desktop\ppy[dm2212] - week13 (ball wall collision)\physics\debug\application.obj
c:\users\164353m\desktop\ppy[dm2212] - week13 (ball wall collision)\physics\debug\camera.obj
c:\users\164353m\desktop\ppy[dm2212] - week13 (ball wall collision)\physics\debug\gameobject.obj
c:\users\164353m\desktop\ppy[dm2212] - week13 (ball wall collision)\physics\debug\loadobj.obj
c:\users\164353m\desktop\ppy[dm2212] - week13 (ball wall collision)\physics\debug\loadtga.obj
c:\users\164353m\desktop\ppy[dm2212] - week13 (ball wall collision)\physics\debug\main.obj
c:\users\164353m\desktop\ppy[dm2212] - week13 (ball wall collision)\physics\debug\mesh.obj
c:\users\164353m\desktop\ppy[dm2212] - week13 (ball wall collision)\physics\debug\meshbuilder.obj
c:\users\164353m\desktop\ppy[dm2212] - week13 (ball wall collision)\physics\debug\sceneasteroid.obj
c:\users\164353m\desktop\ppy[dm2212] - week13 (ball wall collision)\physics\debug\scenebase.obj
c:\users\164353m\desktop\ppy[dm2212] - week13 (ball wall collision)\physics\debug\scenecollision.obj
c:\users\164353m\desktop\ppy[dm2212] - week13 (ball wall collision)\physics\debug\scenegameover.obj
c:\users\164353m\desktop\ppy[dm2212] - week13 (ball wall collision)\physics\debug\scenehelp.obj
c:\users\164353m\desktop\ppy[dm2212] - week13 (ball wall collision)\physics\debug\scenekinematics.obj
c:\users\164353m\desktop\ppy[dm2212] - week13 (ball wall collision)\physics\debug\scenemenu.obj
c:\users\164353m\desktop\ppy[dm2212] - week13 (ball wall collision)\physics\debug\shader.obj
c:\users\164353m\desktop\ppy[dm2212] - week13 (ball wall collision)\physics\debug\utility.obj
c:\users\164353m\desktop\ppy[dm2212] - week13 (ball wall collision)\debug\physics.ilk
c:\users\164353m\desktop\ppy[dm2212] - week13 (ball wall collision)\debug\physics.exe
c:\users\164353m\desktop\ppy[dm2212] - week13 (ball wall collision)\debug\physics.pdb
c:\users\164353m\desktop\ppy[dm2212] - week13 (ball wall collision)\physics\debug\physics.tlog\cl.command.1.tlog
c:\users\164353m\desktop\ppy[dm2212] - week13 (ball wall collision)\physics\debug\physics.tlog\cl.read.1.tlog
c:\users\164353m\desktop\ppy[dm2212] - week13 (ball wall collision)\physics\debug\physics.tlog\cl.write.1.tlog
c:\users\164353m\desktop\ppy[dm2212] - week13 (ball wall collision)\physics\debug\physics.tlog\link.command.1.tlog
c:\users\164353m\desktop\ppy[dm2212] - week13 (ball wall collision)\physics\debug\physics.tlog\link.read.1.tlog
c:\users\164353m\desktop\ppy[dm2212] - week13 (ball wall collision)\physics\debug\physics.tlog\link.write.1.tlog
